{ message:
   'Loading controllers - swagger: {\n "swagger-ws": "2.0",\n "info": {\n  "version": "0.0.1",\n  "title": "Server"\n },\n "consumes": [\n  "application/json"\n ],\n "produces": [\n  "application/json"\n ],\n "resources": {\n  "experiment": {\n   "x-swagger-router-controller": "experiment",\n   "crt_updt": {\n    "description": "Start an experiment.",\n    "operationId": "update_experiment",\n    "parameters": [\n     {\n      "name": "id",\n      "description": "The experiment id",\n      "required": true,\n      "type": "string"\n     },\n     {\n      "name": "data",\n      "description": "The experiment data",\n      "required": true,\n      "schema": {\n       "$ref": "#/definitions/experiment"\n      }\n     }\n    ],\n    "responses": {\n     "200": {\n      "message": "Success",\n      "schema": {\n       "$ref": "#/definitions/thermal_cycler_status"\n      }\n     },\n     "400": {\n      "message": "Failed validation."\n     },\n     "default": {\n      "message": "Error"\n     }\n    }\n   },\n   "delete": {\n    "description": "Cancel an experiment.",\n    "operationId": "delete_experiment",\n    "parameters": [\n     {\n      "name": "id",\n      "description": "The experiment id",\n      "required": true,\n      "type": "string"\n     }\n    ],\n    "responses": {\n     "200": {\n      "message": "Success",\n      "schema": {\n       "type": "object",\n       "properties": {\n        "experiment_id": {\n         "type": "string"\n        }\n       }\n      }\n     },\n     "400": {\n      "message": "Failed validation."\n     },\n     "default": {\n      "message": "Error"\n     }\n    }\n   }\n  },\n  "thermal_cycler_status": {\n   "x-swagger-router-controller": "thermal_cycler_status",\n   "retrieve": {\n    "description": "Returns the thermal_cycler_status",\n    "operationId": "get_thermal_cycler_status",\n    "parameters": [\n     {\n      "name": "id",\n      "description": "The thermal_cycler_status id",\n      "required": true,\n      "type": "string"\n     }\n    ],\n    "responses": {\n     "200": {\n      "message": "Success",\n      "schema": {\n       "type": "object",\n       "properties": {\n        "request": {\n         "$ref": "#/definitions/thermal_cycler_status"\n        }\n       }\n      }\n     },\n     "400": {\n      "message": "Failed validation."\n     },\n     "default": {\n      "message": "Error"\n     }\n    }\n   }\n  }\n },\n "definitions": {\n  "experiment": {\n   "example": "{id:e0588b11-b11e-416d-abc2-7d910c7e, prop1:\\"hello\\", prop2:\\"there\\"}",\n   "properties": {\n    "prop1": {\n     "type": "string"\n    },\n    "prop2": {\n     "type": "string"\n    }\n   }\n  },\n  "thermal_cycler_status": {\n   "example": "{id:e0588b11-b11e-416d-abc2-7d910c7e, prop1:\\"hello\\", prop2:\\"there\\"}",\n   "properties": {\n    "prop1": {\n     "type": "string"\n    },\n    "prop2": {\n     "type": "string"\n    }\n   }\n  }\n }\n}',
  level: 'info',
  timestamp: '2020-04-21 06:58:57' }
{ message:
   'Loaded controllers: {\n "experiment": {},\n "thermal_cycler_status": {}\n}',
  level: 'info',
  timestamp: '2020-04-21 06:58:57' }
{ message: 'config: {\n "logging_level": "debug",\n "port": 10101\n}',
  level: 'info',
  timestamp: '2020-04-21 06:58:57' }
{ message:
   'Loading controllers - swagger: {\n "swagger-ws": "2.0",\n "info": {\n  "version": "0.0.1",\n  "title": "Server"\n },\n "consumes": [\n  "application/json"\n ],\n "produces": [\n  "application/json"\n ],\n "resources": {\n  "experiment": {\n   "x-swagger-router-controller": "experiment",\n   "crt_updt": {\n    "description": "Start an experiment.",\n    "operationId": "update_experiment",\n    "parameters": [\n     {\n      "name": "id",\n      "description": "The experiment id",\n      "required": true,\n      "type": "string"\n     },\n     {\n      "name": "data",\n      "description": "The experiment data",\n      "required": true,\n      "schema": {\n       "$ref": "#/definitions/experiment"\n      }\n     }\n    ],\n    "responses": {\n     "200": {\n      "message": "Success",\n      "schema": {\n       "$ref": "#/definitions/thermal_cycler_status"\n      }\n     },\n     "400": {\n      "message": "Failed validation."\n     },\n     "default": {\n      "message": "Error"\n     }\n    }\n   },\n   "delete": {\n    "description": "Cancel an experiment.",\n    "operationId": "delete_experiment",\n    "parameters": [\n     {\n      "name": "id",\n      "description": "The experiment id",\n      "required": true,\n      "type": "string"\n     }\n    ],\n    "responses": {\n     "200": {\n      "message": "Success",\n      "schema": {\n       "type": "object",\n       "properties": {\n        "experiment_id": {\n         "type": "string"\n        }\n       }\n      }\n     },\n     "400": {\n      "message": "Failed validation."\n     },\n     "default": {\n      "message": "Error"\n     }\n    }\n   }\n  },\n  "thermal_cycler_status": {\n   "x-swagger-router-controller": "thermal_cycler_status",\n   "retrieve": {\n    "description": "Returns the thermal_cycler_status",\n    "operationId": "get_thermal_cycler_status",\n    "parameters": [\n     {\n      "name": "id",\n      "description": "The thermal_cycler_status id",\n      "required": true,\n      "type": "string"\n     }\n    ],\n    "responses": {\n     "200": {\n      "message": "Success",\n      "schema": {\n       "type": "object",\n       "properties": {\n        "request": {\n         "$ref": "#/definitions/thermal_cycler_status"\n        }\n       }\n      }\n     },\n     "400": {\n      "message": "Failed validation."\n     },\n     "default": {\n      "message": "Error"\n     }\n    }\n   }\n  }\n },\n "definitions": {\n  "experiment": {\n   "example": "{id:e0588b11-b11e-416d-abc2-7d910c7e, prop1:\\"hello\\", prop2:\\"there\\"}",\n   "properties": {\n    "prop1": {\n     "type": "string"\n    },\n    "prop2": {\n     "type": "string"\n    }\n   }\n  },\n  "thermal_cycler_status": {\n   "example": "{id:e0588b11-b11e-416d-abc2-7d910c7e, prop1:\\"hello\\", prop2:\\"there\\"}",\n   "properties": {\n    "prop1": {\n     "type": "string"\n    },\n    "prop2": {\n     "type": "string"\n    }\n   }\n  }\n }\n}',
  level: 'info',
  timestamp: '2020-04-21 07:04:46' }
{ message:
   'Loaded controllers: {\n "experiment": {},\n "thermal_cycler_status": {}\n}',
  level: 'info',
  timestamp: '2020-04-21 07:04:46' }
{ message: 'config: {\n "logging_level": "debug",\n "port": 10101\n}',
  level: 'info',
  timestamp: '2020-04-21 07:04:46' }
{ message:
   'Loading controllers - swagger: {\n "swagger-ws": "2.0",\n "info": {\n  "version": "0.0.1",\n  "title": "Server"\n },\n "consumes": [\n  "application/json"\n ],\n "produces": [\n  "application/json"\n ],\n "resources": {\n  "experiment": {\n   "x-swagger-router-controller": "experiment",\n   "crt_updt": {\n    "description": "Start an experiment.",\n    "operationId": "update_experiment",\n    "parameters": [\n     {\n      "name": "id",\n      "description": "The experiment id",\n      "required": true,\n      "type": "string"\n     },\n     {\n      "name": "data",\n      "description": "The experiment data",\n      "required": true,\n      "schema": {\n       "$ref": "#/definitions/experiment"\n      }\n     }\n    ],\n    "responses": {\n     "200": {\n      "message": "Success",\n      "schema": {\n       "$ref": "#/definitions/thermal_cycler_status"\n      }\n     },\n     "400": {\n      "message": "Failed validation."\n     },\n     "default": {\n      "message": "Error"\n     }\n    }\n   },\n   "delete": {\n    "description": "Cancel an experiment.",\n    "operationId": "delete_experiment",\n    "parameters": [\n     {\n      "name": "id",\n      "description": "The experiment id",\n      "required": true,\n      "type": "string"\n     }\n    ],\n    "responses": {\n     "200": {\n      "message": "Success",\n      "schema": {\n       "type": "object",\n       "properties": {\n        "experiment_id": {\n         "type": "string"\n        }\n       }\n      }\n     },\n     "400": {\n      "message": "Failed validation."\n     },\n     "default": {\n      "message": "Error"\n     }\n    }\n   }\n  },\n  "thermal_cycler_status": {\n   "x-swagger-router-controller": "thermal_cycler_status",\n   "retrieve": {\n    "description": "Returns the thermal_cycler_status",\n    "operationId": "get_thermal_cycler_status",\n    "parameters": [\n     {\n      "name": "id",\n      "description": "The thermal_cycler_status id",\n      "required": true,\n      "type": "string"\n     }\n    ],\n    "responses": {\n     "200": {\n      "message": "Success",\n      "schema": {\n       "type": "object",\n       "properties": {\n        "request": {\n         "$ref": "#/definitions/thermal_cycler_status"\n        }\n       }\n      }\n     },\n     "400": {\n      "message": "Failed validation."\n     },\n     "default": {\n      "message": "Error"\n     }\n    }\n   }\n  }\n },\n "definitions": {\n  "experiment": {\n   "example": "{id:e0588b11-b11e-416d-abc2-7d910c7e, prop1:\\"hello\\", prop2:\\"there\\"}",\n   "properties": {\n    "prop1": {\n     "type": "string"\n    },\n    "prop2": {\n     "type": "string"\n    }\n   }\n  },\n  "thermal_cycler_status": {\n   "example": "{id:e0588b11-b11e-416d-abc2-7d910c7e, prop1:\\"hello\\", prop2:\\"there\\"}",\n   "properties": {\n    "prop1": {\n     "type": "string"\n    },\n    "prop2": {\n     "type": "string"\n    }\n   }\n  }\n }\n}',
  level: 'info',
  timestamp: '2020-04-21 07:05:04' }
{ message:
   'Loaded controllers: {\n "experiment": {},\n "thermal_cycler_status": {}\n}',
  level: 'info',
  timestamp: '2020-04-21 07:05:04' }
{ message: 'config: {\n "logging_level": "debug",\n "port": 10101\n}',
  level: 'info',
  timestamp: '2020-04-21 07:05:04' }
